#
# There is insufficient memory for the Java Runtime Environment to continue.
# Native memory allocation (malloc) failed to allocate 1060816 bytes for Chunk::new
# Possible reasons:
#   The system is out of physical RAM or swap space
#   The process is running with CompressedOops enabled, and the Java Heap may be blocking the growth of the native heap
# Possible solutions:
#   Reduce memory load on the system
#   Increase physical memory or swap space
#   Check if swap backing store is full
#   Decrease Java heap size (-Xmx/-Xms)
#   Decrease number of Java threads
#   Decrease Java thread stack sizes (-Xss)
#   Set larger code cache with -XX:ReservedCodeCacheSize=
#   JVM is running with Unscaled Compressed Oops mode in which the Java heap is
#     placed in the first 4GB address space. The Java Heap base address is the
#     maximum limit for the native heap growth. Please use -XX:HeapBaseMinAddress
#     to set the Java Heap base and to place the Java Heap above 4GB virtual address.
# This output file may be truncated or incomplete.
#
#  Out of Memory Error (allocation.cpp:389), pid=5240, tid=0x00000000000053a8
#
# JRE version: OpenJDK Runtime Environment (8.0_242-b01) (build 1.8.0_242-release-1644-b01)
# Java VM: OpenJDK 64-Bit Server VM (25.242-b01 mixed mode windows-amd64 compressed oops)
# Failed to write core dump. Minidumps are not enabled by default on client versions of Windows
#

---------------  T H R E A D  ---------------

Current thread (0x0000000017bee000):  JavaThread "C2 CompilerThread1" daemon [_thread_in_native, id=21416, stack(0x0000000019360000,0x0000000019460000)]

Stack: [0x0000000019360000,0x0000000019460000]
[error occurred during error reporting (printing stack bounds), id 0xc0000005]

Native frames: (J=compiled Java code, j=interpreted, Vv=VM code, C=native code)


Current CompileTask:
C2:4706810 33097 %     4       com.android.tools.r8.ir.optimize.j0::b @ 143 (1573 bytes)


---------------  P R O C E S S  ---------------

Java Threads: ( => current thread )
  0x000000002101f800 JavaThread "stdout" [_thread_in_native, id=7204, stack(0x0000000031d70000,0x0000000031e70000)]
  0x0000000021026800 JavaThread "stderr" [_thread_in_native, id=18068, stack(0x00000000304e0000,0x00000000305e0000)]
  0x0000000021025800 JavaThread "WorkerExecutor Queue Thread 4" [_thread_in_Java, id=19108, stack(0x000000002eae0000,0x000000002ebe0000)]
  0x000000002101e000 JavaThread "WorkerExecutor Queue Thread 3" [_thread_blocked, id=18872, stack(0x000000002e7f0000,0x000000002e8f0000)]
  0x0000000021025000 JavaThread "WorkerExecutor Queue Thread 2" [_thread_in_Java, id=17252, stack(0x000000002e6f0000,0x000000002e7f0000)]
  0x000000002101d000 JavaThread "stdout" [_thread_in_native, id=14508, stack(0x000000002e5f0000,0x000000002e6f0000)]
  0x0000000021024000 JavaThread "stderr" [_thread_in_native, id=5788, stack(0x000000002e4f0000,0x000000002e5f0000)]
  0x0000000021022800 JavaThread "pool-36-thread-1" [_thread_blocked, id=13200, stack(0x000000002e1f0000,0x000000002e2f0000)]
  0x0000000021021000 JavaThread "WorkerExecutor Queue" [_thread_blocked, id=13448, stack(0x000000002def0000,0x000000002dff0000)]
  0x0000000021021800 JavaThread "Cache worker for execution history cache (C:\Users\MiJo\AndroidStudioProjects\HalloWorld\.gradle\6.5\executionHistory)" [_thread_blocked, id=11796, stack(0x000000002d9f0000,0x000000002daf0000)]
  0x0000000021023800 JavaThread "Execution worker for ':' Thread 3" [_thread_blocked, id=13740, stack(0x000000002d6f0000,0x000000002d7f0000)]
  0x0000000032bc6800 JavaThread "Execution worker for ':' Thread 2" [_thread_blocked, id=10472, stack(0x000000002d3f0000,0x000000002d4f0000)]
  0x0000000032bc5800 JavaThread "Execution worker for ':'" [_thread_blocked, id=21204, stack(0x000000002ccc0000,0x000000002cdc0000)]
  0x0000000032bc5000 JavaThread "Cache worker for file content cache (C:\Users\MiJo\AndroidStudioProjects\HalloWorld\.gradle\6.5\fileContent)" [_thread_blocked, id=12472, stack(0x000000002c710000,0x000000002c810000)]
  0x0000000032bc3800 JavaThread "Cache worker for Build Output Cleanup Cache (C:\Users\MiJo\AndroidStudioProjects\HalloWorld\.gradle\buildOutputCleanup)" [_thread_blocked, id=9576, stack(0x000000002b240000,0x000000002b340000)]
  0x0000000032bc2800 JavaThread "jar transforms Thread 1104" [_thread_blocked, id=6640, stack(0x0000000029c00000,0x0000000029d00000)]
  0x0000000032bc4000 JavaThread "jar transforms Thread 1103" [_thread_blocked, id=4148, stack(0x0000000029900000,0x0000000029a00000)]
  0x0000000032bc2000 JavaThread "jar transforms Thread 1102" [_thread_blocked, id=11704, stack(0x0000000029800000,0x0000000029900000)]
  0x0000000032bba000 JavaThread "jar transforms Thread 1101" [_thread_blocked, id=12828, stack(0x0000000029700000,0x0000000029800000)]
  0x0000000032bc1000 JavaThread "jar transforms Thread 1100" [_thread_blocked, id=19540, stack(0x0000000029600000,0x0000000029700000)]
  0x0000000032bbc000 JavaThread "jar transforms Thread 1099" [_thread_blocked, id=13248, stack(0x0000000029500000,0x0000000029600000)]
  0x0000000032bbf000 JavaThread "jar transforms Thread 1098" [_thread_blocked, id=10324, stack(0x0000000029400000,0x0000000029500000)]
  0x0000000032bb7000 JavaThread "jar transforms Thread 1097" [_thread_blocked, id=19324, stack(0x0000000029300000,0x0000000029400000)]
  0x0000000032bb8800 JavaThread "jar transforms Thread 1096" [_thread_blocked, id=14164, stack(0x0000000029200000,0x0000000029300000)]
  0x0000000032bbb000 JavaThread "jar transforms Thread 1095" [_thread_blocked, id=18952, stack(0x0000000029100000,0x0000000029200000)]
  0x0000000032bbc800 JavaThread "jar transforms Thread 1094" [_thread_blocked, id=15512, stack(0x0000000029000000,0x0000000029100000)]
  0x0000000032bbe000 JavaThread "jar transforms Thread 1093" [_thread_blocked, id=19876, stack(0x0000000028f00000,0x0000000029000000)]
  0x0000000032bb8000 JavaThread "jar transforms Thread 1092" [_thread_blocked, id=6908, stack(0x0000000028e00000,0x0000000028f00000)]
  0x0000000032bb9800 JavaThread "jar transforms Thread 1091" [_thread_blocked, id=11212, stack(0x0000000028d00000,0x0000000028e00000)]
  0x000000001bb07000 JavaThread "jar transforms Thread 1090" [_thread_blocked, id=20696, stack(0x0000000028c00000,0x0000000028d00000)]
  0x000000001bb06000 JavaThread "jar transforms Thread 1089" [_thread_blocked, id=19544, stack(0x0000000028b00000,0x0000000028c00000)]
  0x000000001bb04800 JavaThread "jar transforms Thread 1088" [_thread_blocked, id=18956, stack(0x0000000028a00000,0x0000000028b00000)]
  0x000000001bb0b000 JavaThread "jar transforms Thread 1087" [_thread_blocked, id=14280, stack(0x0000000028900000,0x0000000028a00000)]
  0x000000001bb09800 JavaThread "jar transforms Thread 1086" [_thread_blocked, id=16576, stack(0x0000000028800000,0x0000000028900000)]
  0x000000001bb05800 JavaThread "jar transforms Thread 1085" [_thread_blocked, id=20124, stack(0x0000000028700000,0x0000000028800000)]
  0x000000001bb08800 JavaThread "jar transforms Thread 1084" [_thread_blocked, id=15716, stack(0x0000000028600000,0x0000000028700000)]
  0x000000001bb07800 JavaThread "jar transforms Thread 1083" [_thread_blocked, id=17672, stack(0x0000000028500000,0x0000000028600000)]
  0x000000001bafd000 JavaThread "jar transforms Thread 1082" [_thread_blocked, id=1876, stack(0x0000000028400000,0x0000000028500000)]
  0x000000001bb04000 JavaThread "jar transforms Thread 1081" [_thread_blocked, id=7864, stack(0x0000000028300000,0x0000000028400000)]
  0x000000001bafe800 JavaThread "jar transforms Thread 1080" [_thread_blocked, id=19400, stack(0x0000000028200000,0x0000000028300000)]
  0x000000001bafc800 JavaThread "jar transforms Thread 1079" [_thread_blocked, id=11948, stack(0x0000000028100000,0x0000000028200000)]
  0x000000001bb00000 JavaThread "jar transforms Thread 1078" [_thread_blocked, id=3272, stack(0x0000000028000000,0x0000000028100000)]
  0x000000001bafe000 JavaThread "jar transforms Thread 1077" [_thread_blocked, id=5268, stack(0x0000000027f00000,0x0000000028000000)]
  0x000000001bb03000 JavaThread "jar transforms Thread 1076" [_thread_blocked, id=20236, stack(0x0000000027e00000,0x0000000027f00000)]
  0x000000001bafb800 JavaThread "jar transforms Thread 1075" [_thread_blocked, id=5264, stack(0x0000000027d00000,0x0000000027e00000)]
  0x000000001bb01000 JavaThread "jar transforms Thread 1074" [_thread_blocked, id=17544, stack(0x0000000027c00000,0x0000000027d00000)]
  0x000000001bb01800 JavaThread "jar transforms Thread 1073" [_thread_blocked, id=6784, stack(0x0000000027b00000,0x0000000027c00000)]
  0x000000001bb02800 JavaThread "jar transforms Thread 1072" [_thread_blocked, id=15124, stack(0x0000000027a00000,0x0000000027b00000)]
  0x000000001f34a000 JavaThread "jar transforms Thread 1071" [_thread_blocked, id=21196, stack(0x0000000027900000,0x0000000027a00000)]
  0x000000001f349800 JavaThread "jar transforms Thread 1070" [_thread_blocked, id=15488, stack(0x0000000027800000,0x0000000027900000)]
  0x000000001f348800 JavaThread "jar transforms Thread 1069" [_thread_blocked, id=8820, stack(0x0000000027700000,0x0000000027800000)]
  0x000000001f347000 JavaThread "jar transforms Thread 1068" [_thread_blocked, id=14528, stack(0x0000000027600000,0x0000000027700000)]
  0x000000001f346800 JavaThread "jar transforms Thread 1067" [_thread_blocked, id=6168, stack(0x0000000027500000,0x0000000027600000)]
  0x000000001f34b800 JavaThread "jar transforms Thread 1066" [_thread_blocked, id=16152, stack(0x0000000027400000,0x0000000027500000)]
  0x000000001f34b000 JavaThread "jar transforms Thread 1065" [_thread_blocked, id=17332, stack(0x0000000027300000,0x0000000027400000)]
  0x000000001f344000 JavaThread "jar transforms Thread 1064" [_thread_blocked, id=272, stack(0x0000000027200000,0x0000000027300000)]
  0x000000001f345000 JavaThread "jar transforms Thread 1063" [_thread_blocked, id=9736, stack(0x0000000027100000,0x0000000027200000)]
  0x000000001f345800 JavaThread "jar transforms Thread 1062" [_thread_blocked, id=16388, stack(0x0000000027000000,0x0000000027100000)]
  0x000000001f33d800 JavaThread "jar transforms Thread 1061" [_thread_blocked, id=1204, stack(0x0000000026f00000,0x0000000027000000)]
  0x000000001f342800 JavaThread "jar transforms Thread 1060" [_thread_blocked, id=17980, stack(0x0000000026e00000,0x0000000026f00000)]
  0x000000001f33e000 JavaThread "jar transforms Thread 1059" [_thread_blocked, id=1220, stack(0x0000000026d00000,0x0000000026e00000)]
  0x000000001f341000 JavaThread "jar transforms Thread 1058" [_thread_blocked, id=14696, stack(0x0000000026c00000,0x0000000026d00000)]
  0x000000001f340800 JavaThread "jar transforms Thread 1057" [_thread_blocked, id=17996, stack(0x0000000026b00000,0x0000000026c00000)]
  0x000000001f33c800 JavaThread "jar transforms Thread 1056" [_thread_blocked, id=3224, stack(0x0000000026a00000,0x0000000026b00000)]
  0x000000001f342000 JavaThread "jar transforms Thread 1055" [_thread_blocked, id=16196, stack(0x0000000026900000,0x0000000026a00000)]
  0x000000001f33f000 JavaThread "jar transforms Thread 1054" [_thread_blocked, id=18228, stack(0x0000000026800000,0x0000000026900000)]
  0x000000001f33f800 JavaThread "jar transforms Thread 1053" [_thread_blocked, id=10072, stack(0x0000000026700000,0x0000000026800000)]
  0x00000000301a8800 JavaThread "jar transforms Thread 1052" [_thread_blocked, id=16756, stack(0x0000000026600000,0x0000000026700000)]
  0x00000000301a8000 JavaThread "jar transforms Thread 1051" [_thread_blocked, id=8316, stack(0x0000000026500000,0x0000000026600000)]
  0x00000000301a7000 JavaThread "jar transforms Thread 1050" [_thread_blocked, id=10184, stack(0x0000000026400000,0x0000000026500000)]
  0x00000000301a6800 JavaThread "jar transforms Thread 1049" [_thread_blocked, id=10720, stack(0x0000000026300000,0x0000000026400000)]
  0x00000000301aa000 JavaThread "jar transforms Thread 1048" [_thread_blocked, id=20672, stack(0x0000000026200000,0x0000000026300000)]
  0x00000000301ab000 JavaThread "jar transforms Thread 1047" [_thread_blocked, id=20744, stack(0x0000000026100000,0x0000000026200000)]
  0x000000003019f000 JavaThread "jar transforms Thread 1046" [_thread_blocked, id=13584, stack(0x0000000026000000,0x0000000026100000)]
  0x00000000301a5800 JavaThread "jar transforms Thread 1045" [_thread_blocked, id=7352, stack(0x0000000025f00000,0x0000000026000000)]
  0x000000003019e000 JavaThread "jar transforms Thread 1044" [_thread_blocked, id=15640, stack(0x0000000025e00000,0x0000000025f00000)]
  0x00000000301a5000 JavaThread "jar transforms Thread 1043" [_thread_blocked, id=12800, stack(0x0000000025d00000,0x0000000025e00000)]
  0x000000003019d800 JavaThread "jar transforms Thread 1042" [_thread_blocked, id=14688, stack(0x0000000025c00000,0x0000000025d00000)]
  0x00000000301a4000 JavaThread "jar transforms Thread 1041" [_thread_blocked, id=17256, stack(0x0000000025b00000,0x0000000025c00000)]
  0x000000003019c800 JavaThread "jar transforms Thread 1040" [_thread_blocked, id=16960, stack(0x0000000025a00000,0x0000000025b00000)]
  0x00000000301a3800 JavaThread "jar transforms Thread 1039" [_thread_blocked, id=6368, stack(0x0000000025900000,0x0000000025a00000)]
  0x000000003019c000 JavaThread "jar transforms Thread 1038" [_thread_blocked, id=20988, stack(0x0000000025800000,0x0000000025900000)]
  0x00000000301a0800 JavaThread "jar transforms Thread 1037" [_thread_blocked, id=6024, stack(0x0000000025700000,0x0000000025800000)]
  0x00000000301a2800 JavaThread "jar transforms Thread 1036" [_thread_blocked, id=21304, stack(0x0000000024400000,0x0000000024500000)]
  0x00000000301a1000 JavaThread "jar transforms Thread 1035" [_thread_blocked, id=20412, stack(0x00000000238e0000,0x00000000239e0000)]
  0x000000003019f800 JavaThread "jar transforms Thread 1034" [_thread_blocked, id=3860, stack(0x0000000022fe0000,0x00000000230e0000)]
  0x00000000301a2000 JavaThread "jar transforms Thread 1033" [_thread_blocked, id=11988, stack(0x0000000022ae0000,0x0000000022be0000)]
  0x000000001f5f3800 JavaThread "jar transforms Thread 1032" [_thread_blocked, id=18576, stack(0x00000000229e0000,0x0000000022ae0000)]
  0x000000001f5f2800 JavaThread "jar transforms Thread 1031" [_thread_blocked, id=17516, stack(0x00000000228e0000,0x00000000229e0000)]
  0x000000001f5f4000 JavaThread "jar transforms Thread 1030" [_thread_blocked, id=10620, stack(0x00000000227e0000,0x00000000228e0000)]
  0x000000001f5ed800 JavaThread "jar transforms Thread 1029" [_thread_blocked, id=2524, stack(0x00000000226e0000,0x00000000227e0000)]
  0x000000001f5ec800 JavaThread "jar transforms Thread 1028" [_thread_blocked, id=5060, stack(0x00000000225e0000,0x00000000226e0000)]
  0x000000001f5f2000 JavaThread "jar transforms Thread 1027" [_thread_blocked, id=11556, stack(0x00000000224e0000,0x00000000225e0000)]
  0x000000001f5f1000 JavaThread "jar transforms Thread 1026" [_thread_blocked, id=12264, stack(0x00000000223e0000,0x00000000224e0000)]
  0x000000001f5ef000 JavaThread "jar transforms Thread 1025" [_thread_blocked, id=10336, stack(0x00000000222e0000,0x00000000223e0000)]
  0x000000001f5ef800 JavaThread "jar transforms Thread 1024" [_thread_blocked, id=11536, stack(0x00000000221e0000,0x00000000222e0000)]
  0x000000001f5f0800 JavaThread "jar transforms Thread 1023" [_thread_blocked, id=14708, stack(0x00000000220e0000,0x00000000221e0000)]
  0x000000001f5e5000 JavaThread "jar transforms Thread 1022" [_thread_blocked, id=19956, stack(0x0000000021fe0000,0x00000000220e0000)]
  0x000000001f5eb000 JavaThread "jar transforms Thread 1021" [_thread_blocked, id=8656, stack(0x0000000021ee0000,0x0000000021fe0000)]
  0x000000001f5e8000 JavaThread "jar transforms Thread 1020" [_thread_blocked, id=3520, stack(0x0000000021de0000,0x0000000021ee0000)]
  0x000000001f5e6000 JavaThread "jar transforms Thread 1019" [_thread_blocked, id=14048, stack(0x0000000021ce0000,0x0000000021de0000)]
  0x000000001f5e7800 JavaThread "jar transforms Thread 1018" [_thread_blocked, id=7688, stack(0x0000000021be0000,0x0000000021ce0000)]
  0x000000001f5ea800 JavaThread "jar transforms Thread 1017" [_thread_blocked, id=19136, stack(0x0000000021ae0000,0x0000000021be0000)]
  0x000000001f5e9000 JavaThread "jar transforms Thread 1016" [_thread_blocked, id=8620, stack(0x00000000219e0000,0x0000000021ae0000)]
  0x000000001f5ec000 JavaThread "jar transforms Thread 1015" [_thread_blocked, id=18492, stack(0x00000000218e0000,0x00000000219e0000)]
  0x000000001f5e9800 JavaThread "jar transforms Thread 1014" [_thread_blocked, id=4028, stack(0x00000000207b0000,0x00000000208b0000)]
  0x000000001f5e6800 JavaThread "jar transforms Thread 1013" [_thread_blocked, id=11700, stack(0x00000000206b0000,0x00000000207b0000)]
  0x000000001987d000 JavaThread "Build operations Thread 4" [_thread_blocked, id=13924, stack(0x00000000205b0000,0x00000000206b0000)]
  0x000000001987c800 JavaThread "Build operations Thread 3" [_thread_blocked, id=21044, stack(0x00000000204b0000,0x00000000205b0000)]
  0x000000001987b800 JavaThread "Build operations Thread 2" [_thread_blocked, id=18692, stack(0x00000000203b0000,0x00000000204b0000)]
  0x0000000019878800 JavaThread "Build operations" [_thread_blocked, id=1256, stack(0x00000000202b0000,0x00000000203b0000)]
  0x000000001987b000 JavaThread "Cache worker for cache directory md-rule (C:\Users\MiJo\.gradle\caches\6.5\md-rule)" [_thread_blocked, id=16564, stack(0x00000000201b0000,0x00000000202b0000)]
  0x000000001987a000 JavaThread "Cache worker for cache directory md-supplier (C:\Users\MiJo\.gradle\caches\6.5\md-supplier)" [_thread_blocked, id=7708, stack(0x000000001d710000,0x000000001d810000)]
  0x0000000019879800 JavaThread "Cache worker for checksums cache (C:\Users\MiJo\AndroidStudioProjects\HalloWorld\.gradle\checksums)" [_thread_blocked, id=13980, stack(0x000000001d610000,0x000000001d710000)]
  0x0000000019871000 JavaThread "Cache worker for file hash cache (C:\Users\MiJo\AndroidStudioProjects\HalloWorld\.gradle\6.5\fileHashes)" [_thread_blocked, id=10664, stack(0x000000001d510000,0x000000001d610000)]
  0x0000000019877000 JavaThread "Thread-1389" [_thread_blocked, id=2804, stack(0x000000001d210000,0x000000001d310000)]
  0x0000000019876800 JavaThread "Stdin handler" [_thread_blocked, id=20516, stack(0x000000001d110000,0x000000001d210000)]
  0x0000000019878000 JavaThread "Asynchronous log dispatcher for DefaultDaemonConnection: socket connection from /127.0.0.1:64194 to /127.0.0.1:49186" [_thread_blocked, id=1804, stack(0x000000001caa0000,0x000000001cba0000)]
  0x000000001986f000 JavaThread "Daemon worker Thread 11" [_thread_blocked, id=9664, stack(0x000000001c9a0000,0x000000001caa0000)]
  0x0000000019870800 JavaThread "Cancel handler" [_thread_blocked, id=10560, stack(0x0000000001410000,0x0000000001510000)]
  0x0000000019872000 JavaThread "Handler for socket connection from /127.0.0.1:64194 to /127.0.0.1:49186" [_thread_in_native, id=7456, stack(0x0000000001310000,0x0000000001410000)]
  0x0000000019873800 JavaThread "Daemon Thread 11" [_thread_blocked, id=13708, stack(0x0000000001210000,0x0000000001310000)]
  0x000000002102b000 JavaThread "Cache worker for Java compile cache (C:\Users\MiJo\.gradle\caches\6.5\javaCompile)" [_thread_blocked, id=8184, stack(0x00000000307f0000,0x00000000308f0000)]
  0x000000001f343800 JavaThread "Memory manager" [_thread_blocked, id=19680, stack(0x000000002a300000,0x000000002a400000)]
  0x000000001e31f000 JavaThread "Cache worker for file content cache (C:\Users\MiJo\.gradle\caches\6.5\fileContent)" [_thread_blocked, id=19856, stack(0x00000000237e0000,0x00000000238e0000)]
  0x000000001e31c000 JavaThread "Cache worker for execution history cache (C:\Users\MiJo\.gradle\caches\6.5\executionHistory)" [_thread_blocked, id=9660, stack(0x00000000232e0000,0x00000000233e0000)]
  0x000000001baf9000 JavaThread "Cache worker for file hash cache (C:\Users\MiJo\.gradle\caches\6.5\fileHashes)" [_thread_blocked, id=9488, stack(0x000000001dd10000,0x000000001de10000)]
  0x000000001baf6800 JavaThread "File lock request listener" [_thread_in_native, id=20072, stack(0x000000001dc10000,0x000000001dd10000)]
  0x0000000019620800 JavaThread "Cache worker for journal cache (C:\Users\MiJo\.gradle\caches\journal-1)" [_thread_blocked, id=18620, stack(0x000000001da10000,0x000000001db10000)]
  0x000000001b920000 JavaThread "Daemon periodic checks" [_thread_blocked, id=9072, stack(0x000000001ce10000,0x000000001cf10000)]
  0x000000001b907000 JavaThread "Incoming local TCP Connector on port 64194" [_thread_in_native, id=19748, stack(0x000000001cba0000,0x000000001cca0000)]
  0x000000001b811000 JavaThread "Daemon health stats" [_thread_blocked, id=13164, stack(0x000000001c560000,0x000000001c660000)]
  0x0000000017c3e000 JavaThread "Service Thread" daemon [_thread_blocked, id=8288, stack(0x0000000019960000,0x0000000019a60000)]
  0x0000000017bf4800 JavaThread "C1 CompilerThread2" daemon [_thread_blocked, id=19356, stack(0x0000000019460000,0x0000000019560000)]
=>0x0000000017bee000 JavaThread "C2 CompilerThread1" daemon [_thread_in_native, id=21416, stack(0x0000000019360000,0x0000000019460000)]
  0x0000000017be4000 JavaThread "C2 CompilerThread0" daemon [_thread_in_native, id=11412, stack(0x0000000019260000,0x0000000019360000)]
  0x0000000017be3000 JavaThread "Attach Listener" daemon [_thread_blocked, id=9340, stack(0x0000000019160000,0x0000000019260000)]
  0x0000000017be7800 JavaThread "Signal Dispatcher" daemon [_thread_blocked, id=9608, stack(0x0000000019060000,0x0000000019160000)]
  0x0000000002f8b800 JavaThread "Finalizer" daemon [_thread_blocked, id=18032, stack(0x0000000018e30000,0x0000000018f30000)]
  0x0000000017bc9000 JavaThread "Reference Handler" daemon [_thread_blocked, id=1208, stack(0x0000000018d30000,0x0000000018e30000)]
  0x0000000002e92800 JavaThread "main" [_thread_blocked, id=17556, stack(0x0000000002d90000,0x0000000002e90000)]

Other Threads:
  0x0000000017ba5800 VMThread [stack: 0x0000000018c30000,0x0000000018d30000] [id=16352]
  0x0000000019593000 WatcherThread [stack: 0x0000000019a60000,0x0000000019b60000] [id=4736]

VM state:not at safepoint (normal execution)

VM Mutex/Monitor currently owned by a thread: None

heap address: 0x0000000080000000, size: 2048 MB, Compressed Oops mode: 32-bit
Narrow klass base: 0x0000000000000000, Narrow klass shift: 3
Compressed class space size: 1073741824 Address: 0x0000000100000000

Heap:
 PSYoungGen      total 619008K, used 356254K [0x00000000d5580000, 0x0000000100000000, 0x0000000100000000)
  eden space 546816K, 51% used [0x00000000d5580000,0x00000000e6af0cb8,0x00000000f6b80000)
  from space 72192K, 99% used [0x00000000f6b80000,0x00000000fb1f6b80,0x00000000fb200000)
  to   space 79872K, 0% used [0x00000000fb200000,0x00000000fb200000,0x0000000100000000)
 ParOldGen       total 315904K, used 148927K [0x0000000080000000, 0x0000000093480000, 0x00000000d5580000)
  object space 315904K, 47% used [0x0000000080000000,0x000000008916fe08,0x0000000093480000)
 Metaspace       used 128170K, capacity 138594K, committed 138828K, reserved 1169408K
  class space    used 16383K, capacity 18258K, committed 18292K, reserved 1048576K

Card table byte_map: [0x0000000012350000,0x0000000012760000] byte_map_base: 0x0000000011f50000

Marking Bits: (ParMarkBitMap*) 0x0000000052aef030
 Begin Bits: [0x0000000012e10000, 0x0000000014e10000)
 End Bits:   [0x0000000014e10000, 0x0000000016e10000)

Polling page: 0x0000000002d30000

CodeCache: size=245760Kb used=90776Kb max_used=90796Kb free=154983Kb
 bounds [0x0000000002f90000, 0x00000000088b0000, 0x0000000011f90000]
 total_blobs=26363 nmethods=25429 adapters=844
 compilation: enabled

Compilation events (10 events):
Event: 4706.346 Thread 0x0000000017bf4800 33093       3       com.android.tools.r8.graph.N0::buildIR (11 bytes)
Event: 4706.347 Thread 0x0000000017bf4800 nmethod 33093 0x000000000889cd10 code [0x000000000889cea0, 0x000000000889d138]
Event: 4706.356 Thread 0x0000000017bf4800 33095       3       java.util.IdentityHashMap$KeySet::contains (9 bytes)
Event: 4706.357 Thread 0x0000000017bf4800 nmethod 33095 0x000000000889d290 code [0x000000000889d400, 0x000000000889d5a8]
Event: 4706.358 Thread 0x0000000017bf4800 33096   !   3       com.android.tools.r8.q.a.a.b.Z0::get (69 bytes)
Event: 4706.360 Thread 0x0000000017bf4800 nmethod 33096 0x000000000889d690 code [0x000000000889d900, 0x000000000889edd8]
Event: 4706.457 Thread 0x0000000017bf4800 33098       3       java.util.stream.StreamSpliterators$WrappingSpliterator::initPartialTraversalState (46 bytes)
Event: 4706.459 Thread 0x0000000017bf4800 nmethod 33098 0x000000000889f610 code [0x000000000889f820, 0x00000000088a04a8]
Event: 4706.508 Thread 0x0000000017bee000 nmethod 33076 0x00000000088a5d90 code [0x00000000088a68c0, 0x00000000088aa478]
Event: 4706.508 Thread 0x0000000017bee000 33097 %     4       com.android.tools.r8.ir.optimize.j0::b @ 143 (1573 bytes)

GC Heap History (10 events):
Event: 3255.555 GC heap before
{Heap before GC invocations=41 (full 4):
 PSYoungGen      total 621568K, used 602592K [0x00000000d5580000, 0x0000000100000000, 0x0000000100000000)
  eden space 550400K, 100% used [0x00000000d5580000,0x00000000f6f00000,0x00000000f6f00000)
  from space 71168K, 73% used [0x00000000fba80000,0x00000000fed78208,0x0000000100000000)
  to   space 74240K, 0% used [0x00000000f6f00000,0x00000000f6f00000,0x00000000fb780000)
 ParOldGen       total 315904K, used 141481K [0x0000000080000000, 0x0000000093480000, 0x00000000d5580000)
  object space 315904K, 44% used [0x0000000080000000,0x0000000088a2a4c0,0x0000000093480000)
 Metaspace       used 117961K, capacity 125798K, committed 125900K, reserved 1159168K
  class space    used 15084K, capacity 16566K, committed 16628K, reserved 1048576K
Event: 3255.678 GC heap after
Heap after GC invocations=41 (full 4):
 PSYoungGen      total 602112K, used 51258K [0x00000000d5580000, 0x0000000100000000, 0x0000000100000000)
  eden space 550400K, 0% used [0x00000000d5580000,0x00000000d5580000,0x00000000f6f00000)
  from space 51712K, 99% used [0x00000000f6f00000,0x00000000fa10eb98,0x00000000fa180000)
  to   space 76288K, 0% used [0x00000000fb580000,0x00000000fb580000,0x0000000100000000)
 ParOldGen       total 315904K, used 141481K [0x0000000080000000, 0x0000000093480000, 0x00000000d5580000)
  object space 315904K, 44% used [0x0000000080000000,0x0000000088a2a4c0,0x0000000093480000)
 Metaspace       used 117961K, capacity 125798K, committed 125900K, reserved 1159168K
  class space    used 15084K, capacity 16566K, committed 16628K, reserved 1048576K
}
Event: 3261.671 GC heap before
{Heap before GC invocations=42 (full 4):
 PSYoungGen      total 602112K, used 601658K [0x00000000d5580000, 0x0000000100000000, 0x0000000100000000)
  eden space 550400K, 100% used [0x00000000d5580000,0x00000000f6f00000,0x00000000f6f00000)
  from space 51712K, 99% used [0x00000000f6f00000,0x00000000fa10eb98,0x00000000fa180000)
  to   space 76288K, 0% used [0x00000000fb580000,0x00000000fb580000,0x0000000100000000)
 ParOldGen       total 315904K, used 141481K [0x0000000080000000, 0x0000000093480000, 0x00000000d5580000)
  object space 315904K, 44% used [0x0000000080000000,0x0000000088a2a4c0,0x0000000093480000)
 Metaspace       used 123084K, capacity 131506K, committed 131660K, reserved 1163264K
  class space    used 15705K, capacity 17260K, committed 17268K, reserved 1048576K
Event: 3261.727 GC heap after
Heap after GC invocations=42 (full 4):
 PSYoungGen      total 623104K, used 47205K [0x00000000d5580000, 0x0000000100000000, 0x0000000100000000)
  eden space 546816K, 0% used [0x00000000d5580000,0x00000000d5580000,0x00000000f6b80000)
  from space 76288K, 61% used [0x00000000fb580000,0x00000000fe3996c8,0x0000000100000000)
  to   space 75776K, 0% used [0x00000000f6b80000,0x00000000f6b80000,0x00000000fb580000)
 ParOldGen       total 315904K, used 147970K [0x0000000080000000, 0x0000000093480000, 0x00000000d5580000)
  object space 315904K, 46% used [0x0000000080000000,0x0000000089080ab0,0x0000000093480000)
 Metaspace       used 123084K, capacity 131506K, committed 131660K, reserved 1163264K
  class space    used 15705K, capacity 17260K, committed 17268K, reserved 1048576K
}
Event: 3263.333 GC heap before
{Heap before GC invocations=43 (full 4):
 PSYoungGen      total 623104K, used 594021K [0x00000000d5580000, 0x0000000100000000, 0x0000000100000000)
  eden space 546816K, 100% used [0x00000000d5580000,0x00000000f6b80000,0x00000000f6b80000)
  from space 76288K, 61% used [0x00000000fb580000,0x00000000fe3996c8,0x0000000100000000)
  to   space 75776K, 0% used [0x00000000f6b80000,0x00000000f6b80000,0x00000000fb580000)
 ParOldGen       total 315904K, used 147970K [0x0000000080000000, 0x0000000093480000, 0x00000000d5580000)
  object space 315904K, 46% used [0x0000000080000000,0x0000000089080ab0,0x0000000093480000)
 Metaspace       used 124748K, capacity 133534K, committed 133836K, reserved 1165312K
  class space    used 15902K, capacity 17550K, committed 17652K, reserved 1048576K
Event: 3263.378 GC heap after
Heap after GC invocations=43 (full 4):
 PSYoungGen      total 591360K, used 44090K [0x00000000d5580000, 0x00000000ffc80000, 0x0000000100000000)
  eden space 546816K, 0% used [0x00000000d5580000,0x00000000d5580000,0x00000000f6b80000)
  from space 44544K, 98% used [0x00000000f6b80000,0x00000000f968eb30,0x00000000f9700000)
  to   space 74240K, 0% used [0x00000000fb400000,0x00000000fb400000,0x00000000ffc80000)
 ParOldGen       total 315904K, used 147978K [0x0000000080000000, 0x0000000093480000, 0x00000000d5580000)
  object space 315904K, 46% used [0x0000000080000000,0x0000000089082ab0,0x0000000093480000)
 Metaspace       used 124748K, capacity 133534K, committed 133836K, reserved 1165312K
  class space    used 15902K, capacity 17550K, committed 17652K, reserved 1048576K
}
Event: 3468.388 GC heap before
{Heap before GC invocations=44 (full 4):
 PSYoungGen      total 591360K, used 590906K [0x00000000d5580000, 0x00000000ffc80000, 0x0000000100000000)
  eden space 546816K, 100% used [0x00000000d5580000,0x00000000f6b80000,0x00000000f6b80000)
  from space 44544K, 98% used [0x00000000f6b80000,0x00000000f968eb30,0x00000000f9700000)
  to   space 74240K, 0% used [0x00000000fb400000,0x00000000fb400000,0x00000000ffc80000)
 ParOldGen       total 315904K, used 147978K [0x0000000080000000, 0x0000000093480000, 0x00000000d5580000)
  object space 315904K, 46% used [0x0000000080000000,0x0000000089082ab0,0x0000000093480000)
 Metaspace       used 127991K, capacity 138480K, committed 138572K, reserved 1169408K
  class space    used 16377K, capacity 18251K, committed 18292K, reserved 1048576K
Event: 3468.439 GC heap after
Heap after GC invocations=44 (full 4):
 PSYoungGen      total 621056K, used 47314K [0x00000000d5580000, 0x0000000100000000, 0x0000000100000000)
  eden space 546816K, 0% used [0x00000000d5580000,0x00000000d5580000,0x00000000f6b80000)
  from space 74240K, 63% used [0x00000000fb400000,0x00000000fe234b28,0x00000000ffc80000)
  to   space 74240K, 0% used [0x00000000f6b80000,0x00000000f6b80000,0x00000000fb400000)
 ParOldGen       total 315904K, used 147986K [0x0000000080000000, 0x0000000093480000, 0x00000000d5580000)
  object space 315904K, 46% used [0x0000000080000000,0x0000000089084ab0,0x0000000093480000)
 Metaspace       used 127991K, capacity 138480K, committed 138572K, reserved 1169408K
  class space    used 16377K, capacity 18251K, committed 18292K, reserved 1048576K
}
Event: 4702.770 GC heap before
{Heap before GC invocations=45 (full 4):
 PSYoungGen      total 621056K, used 594130K [0x00000000d5580000, 0x0000000100000000, 0x0000000100000000)
  eden space 546816K, 100% used [0x00000000d5580000,0x00000000f6b80000,0x00000000f6b80000)
  from space 74240K, 63% used [0x00000000fb400000,0x00000000fe234b28,0x00000000ffc80000)
  to   space 74240K, 0% used [0x00000000f6b80000,0x00000000f6b80000,0x00000000fb400000)
 ParOldGen       total 315904K, used 147986K [0x0000000080000000, 0x0000000093480000, 0x00000000d5580000)
  object space 315904K, 46% used [0x0000000080000000,0x0000000089084ab0,0x0000000093480000)
 Metaspace       used 128161K, capacity 138594K, committed 138828K, reserved 1169408K
  class space    used 16382K, capacity 18258K, committed 18292K, reserved 1048576K
Event: 4703.107 GC heap after
Heap after GC invocations=45 (full 4):
 PSYoungGen      total 619008K, used 72154K [0x00000000d5580000, 0x0000000100000000, 0x0000000100000000)
  eden space 546816K, 0% used [0x00000000d5580000,0x00000000d5580000,0x00000000f6b80000)
  from space 72192K, 99% used [0x00000000f6b80000,0x00000000fb1f6b80,0x00000000fb200000)
  to   space 79872K, 0% used [0x00000000fb200000,0x00000000fb200000,0x0000000100000000)
 ParOldGen       total 315904K, used 148927K [0x0000000080000000, 0x0000000093480000, 0x00000000d5580000)
  object space 315904K, 47% used [0x0000000080000000,0x000000008916fe08,0x0000000093480000)
 Metaspace       used 128161K, capacity 138594K, committed 138828K, reserved 1169408K
  class space    used 16382K, capacity 18258K, committed 18292K, reserved 1048576K
}

Deoptimization events (10 events):
Event: 4705.065 Thread 0x0000000021025800 Uncommon trap: reason=unstable_if action=reinterpret pc=0x0000000003d1a2ec method=com.android.tools.r8.s.a.p.m.a(Lcom/android/tools/r8/s/a/p/l;)Lcom/android/tools/r8/s/a/p/o; @ 16
Event: 4705.792 Thread 0x0000000021025000 Uncommon trap: reason=class_check action=maybe_recompile pc=0x00000000087c686c method=com.android.tools.r8.ir.regalloc.a.b(Lcom/android/tools/r8/ir/regalloc/b;)Z @ 26
Event: 4705.795 Thread 0x0000000021025000 Uncommon trap: reason=class_check action=maybe_recompile pc=0x00000000087c686c method=com.android.tools.r8.ir.regalloc.a.b(Lcom/android/tools/r8/ir/regalloc/b;)Z @ 26
Event: 4705.795 Thread 0x0000000021025000 Uncommon trap: reason=class_check action=maybe_recompile pc=0x000000000883527c method=com.android.tools.r8.ir.regalloc.a.d(Lcom/android/tools/r8/ir/regalloc/b;)Z @ 116
Event: 4706.242 Thread 0x0000000021025000 Uncommon trap: reason=null_check action=make_not_entrant pc=0x000000000866d92c method=com.android.tools.r8.ir.optimize.d0.a(Lcom/android/tools/r8/ir/optimize/g0;)Lcom/android/tools/r8/ir/optimize/h0; @ 43
Event: 4706.365 Thread 0x0000000021025800 Uncommon trap: reason=class_check action=maybe_recompile pc=0x00000000087c686c method=com.android.tools.r8.ir.regalloc.a.b(Lcom/android/tools/r8/ir/regalloc/b;)Z @ 26
Event: 4706.581 Thread 0x000000002101e000 Uncommon trap: reason=class_check action=maybe_recompile pc=0x0000000008304aa4 method=com.google.common.collect.Iterables$4.iterator()Ljava/util/Iterator; @ 4
Event: 4706.581 Thread 0x000000002101e000 Uncommon trap: reason=bimorphic action=maybe_recompile pc=0x0000000008306a30 method=com.google.common.collect.Iterators$5.computeNext()Ljava/lang/Object; @ 4
Event: 4706.581 Thread 0x000000002101e000 Uncommon trap: reason=class_check action=maybe_recompile pc=0x0000000008304aa4 method=com.google.common.collect.Iterables$4.iterator()Ljava/util/Iterator; @ 4
Event: 4706.582 Thread 0x000000002101e000 Uncommon trap: reason=bimorphic action=maybe_recompile pc=0x0000000008306a30 method=com.google.common.collect.Iterators$5.computeNext()Ljava/lang/Object; @ 4

Classes redefined (0 events):
No events

Internal exceptions (10 events):
Event: 4691.752 Thread 0x000000001986f000 Exception <a 'sun/nio/fs/WindowsException'> (0x00000000db9b6330) thrown at [C:\src\AOSP-openjdk-git\hotspot\src\share\vm\prims\jni.cpp, line 710]
Event: 4693.018 Thread 0x0000000021023800 Exception <a 'sun/nio/fs/WindowsException'> (0x00000000dbdaa910) thrown at [C:\src\AOSP-openjdk-git\hotspot\src\share\vm\prims\jni.cpp, line 710]
Event: 4693.018 Thread 0x0000000021023800 Exception <a 'sun/nio/fs/WindowsException'> (0x00000000dbdab9b0) thrown at [C:\src\AOSP-openjdk-git\hotspot\src\share\vm\prims\jni.cpp, line 710]
Event: 4693.435 Thread 0x0000000021023800 Exception <a 'sun/nio/fs/WindowsException'> (0x00000000dde84f18) thrown at [C:\src\AOSP-openjdk-git\hotspot\src\share\vm\prims\jni.cpp, line 710]
Event: 4693.436 Thread 0x0000000021023800 Exception <a 'sun/nio/fs/WindowsException'> (0x00000000dde85fa0) thrown at [C:\src\AOSP-openjdk-git\hotspot\src\share\vm\prims\jni.cpp, line 710]
Event: 4693.554 Thread 0x0000000032bc5800 Exception <a 'sun/nio/fs/WindowsException'> (0x00000000de776a30) thrown at [C:\src\AOSP-openjdk-git\hotspot\src\share\vm\prims\jni.cpp, line 710]
Event: 4693.554 Thread 0x0000000032bc5800 Exception <a 'sun/nio/fs/WindowsException'> (0x00000000de777758) thrown at [C:\src\AOSP-openjdk-git\hotspot\src\share\vm\prims\jni.cpp, line 710]
Event: 4701.257 Thread 0x0000000021025800 Implicit null exception at 0x000000000863f340 to 0x0000000008643c31
Event: 4701.276 Thread 0x0000000021025000 Implicit null exception at 0x0000000006b9085b to 0x0000000006b950c9
Event: 4706.242 Thread 0x0000000021025000 Implicit null exception at 0x000000000866a947 to 0x000000000866d915

Events (10 events):
Event: 4706.581 Thread 0x000000002101e000 DEOPT UNPACKING pc=0x0000000002fd557b sp=0x000000002e8ee180 mode 2
Event: 4706.581 Thread 0x000000002101e000 Uncommon trap: trap_request=0xffffffc6 fr.pc=0x0000000008306a30
Event: 4706.581 Thread 0x000000002101e000 DEOPT PACKING pc=0x0000000008306a30 sp=0x000000002e8ee0b0
Event: 4706.581 Thread 0x000000002101e000 DEOPT UNPACKING pc=0x0000000002fd557b sp=0x000000002e8ee008 mode 2
Event: 4706.581 Thread 0x000000002101e000 Uncommon trap: trap_request=0xffffffde fr.pc=0x0000000008304aa4
Event: 4706.581 Thread 0x000000002101e000 DEOPT PACKING pc=0x0000000008304aa4 sp=0x000000002e8ee1e0
Event: 4706.581 Thread 0x000000002101e000 DEOPT UNPACKING pc=0x0000000002fd557b sp=0x000000002e8ee180 mode 2
Event: 4706.581 Thread 0x000000002101e000 Uncommon trap: trap_request=0xffffffc6 fr.pc=0x0000000008306a30
Event: 4706.582 Thread 0x000000002101e000 DEOPT PACKING pc=0x0000000008306a30 sp=0x000000002e8ee0b0
Event: 4706.582 Thread 0x000000002101e000 DEOPT UNPACKING pc=0x0000000002fd557b sp=0x000000002e8ee008 mode 2


Dynamic libraries:
0x00007ff6591f0000 - 0x00007ff659221000 	C:\Program Files\Android\Android Studio\jre\bin\java.exe
0x00007ff983820000 - 0x00007ff983a10000 	C:\WINDOWS\SYSTEM32\ntdll.dll
0x00007ff983310000 - 0x00007ff9833c2000 	C:\WINDOWS\System32\KERNEL32.DLL
0x00007ff981590000 - 0x00007ff981835000 	C:\WINDOWS\System32\KERNELBASE.dll
0x00007ff9827a0000 - 0x00007ff982843000 	C:\WINDOWS\System32\ADVAPI32.dll
0x00007ff983690000 - 0x00007ff98372e000 	C:\WINDOWS\System32\msvcrt.dll
0x00007ff983740000 - 0x00007ff9837d7000 	C:\WINDOWS\System32\sechost.dll
0x00007ff982f40000 - 0x00007ff983060000 	C:\WINDOWS\System32\RPCRT4.dll
0x00007ff981f20000 - 0x00007ff9820b4000 	C:\WINDOWS\System32\USER32.dll
0x00007ff9814e0000 - 0x00007ff981501000 	C:\WINDOWS\System32\win32u.dll
0x00007ff9820c0000 - 0x00007ff9820e6000 	C:\WINDOWS\System32\GDI32.dll
0x00007ff9811f0000 - 0x00007ff981386000 	C:\WINDOWS\System32\gdi32full.dll
0x00007ff9807b0000 - 0x00007ff98084e000 	C:\WINDOWS\System32\msvcp_win.dll
0x00007ff9813e0000 - 0x00007ff9814da000 	C:\WINDOWS\System32\ucrtbase.dll
0x00007ff975b40000 - 0x00007ff975dc4000 	C:\WINDOWS\WinSxS\amd64_microsoft.windows.common-controls_6595b64144ccf1df_6.0.18362.1139_none_9e7bf2d3e4605ac6\COMCTL32.dll
0x00007ff982460000 - 0x00007ff982795000 	C:\WINDOWS\System32\combase.dll
0x00007ff981510000 - 0x00007ff981590000 	C:\WINDOWS\System32\bcryptPrimitives.dll
0x00007ff981a10000 - 0x00007ff981a3e000 	C:\WINDOWS\System32\IMM32.DLL
0x00000000532f0000 - 0x00000000533c2000 	C:\Program Files\Android\Android Studio\jre\jre\bin\msvcr100.dll
0x0000000052320000 - 0x0000000052b6b000 	C:\Program Files\Android\Android Studio\jre\jre\bin\server\jvm.dll
0x00007ff9820f0000 - 0x00007ff9820f8000 	C:\WINDOWS\System32\PSAPI.DLL
0x00007ff97d120000 - 0x00007ff97d144000 	C:\WINDOWS\SYSTEM32\WINMM.dll
0x00007ff97c130000 - 0x00007ff97c13a000 	C:\WINDOWS\SYSTEM32\VERSION.dll
0x00007ff967d90000 - 0x00007ff967d99000 	C:\WINDOWS\SYSTEM32\WSOCK32.dll
0x00007ff983530000 - 0x00007ff98359f000 	C:\WINDOWS\System32\WS2_32.dll
0x00007ff97d090000 - 0x00007ff97d0bd000 	C:\WINDOWS\SYSTEM32\winmmbase.dll
0x00007ff981390000 - 0x00007ff9813da000 	C:\WINDOWS\System32\cfgmgr32.dll
0x00007ff97d380000 - 0x00007ff97d38f000 	C:\Program Files\Android\Android Studio\jre\jre\bin\verify.dll
0x00007ff96f510000 - 0x00007ff96f539000 	C:\Program Files\Android\Android Studio\jre\jre\bin\java.dll
0x00007ff972680000 - 0x00007ff972696000 	C:\Program Files\Android\Android Studio\jre\jre\bin\zip.dll
0x00007ff982850000 - 0x00007ff982f37000 	C:\WINDOWS\System32\SHELL32.dll
0x00007ff983480000 - 0x00007ff983529000 	C:\WINDOWS\System32\shcore.dll
0x00007ff980900000 - 0x00007ff981080000 	C:\WINDOWS\System32\windows.storage.dll
0x00007ff980780000 - 0x00007ff9807a3000 	C:\WINDOWS\System32\profapi.dll
0x00007ff9806f0000 - 0x00007ff98073a000 	C:\WINDOWS\System32\powrprof.dll
0x00007ff9806e0000 - 0x00007ff9806f0000 	C:\WINDOWS\System32\UMPDC.dll
0x00007ff981ec0000 - 0x00007ff981f12000 	C:\WINDOWS\System32\shlwapi.dll
0x00007ff980740000 - 0x00007ff980751000 	C:\WINDOWS\System32\kernel.appcore.dll
0x00007ff981080000 - 0x00007ff981097000 	C:\WINDOWS\System32\cryptsp.dll
0x00007ff971720000 - 0x00007ff97173a000 	C:\Program Files\Android\Android Studio\jre\jre\bin\net.dll
0x00007ff97ff30000 - 0x00007ff97ff97000 	C:\WINDOWS\system32\mswsock.dll
0x00007ff970990000 - 0x00007ff9709a3000 	C:\Program Files\Android\Android Studio\jre\jre\bin\nio.dll
0x00007ff9628c0000 - 0x00007ff9628e7000 	C:\Users\MiJo\.gradle\native\f6784746aeab05261644944871eae4fe03e0ef1612fff0a4a95f87b438bc6780\windows-amd64\native-platform.dll
0x00007ff97d200000 - 0x00007ff97d20d000 	C:\Program Files\Android\Android Studio\jre\jre\bin\management.dll
0x00007ff97faa0000 - 0x00007ff97fad3000 	C:\WINDOWS\system32\rsaenh.dll
0x00007ff981840000 - 0x00007ff981866000 	C:\WINDOWS\System32\bcrypt.dll
0x00007ff980600000 - 0x00007ff980625000 	C:\WINDOWS\SYSTEM32\USERENV.dll
0x00007ff980100000 - 0x00007ff98010c000 	C:\WINDOWS\SYSTEM32\CRYPTBASE.dll
0x00007ff97fc40000 - 0x00007ff97fc7a000 	C:\WINDOWS\SYSTEM32\IPHLPAPI.DLL
0x00007ff983730000 - 0x00007ff983738000 	C:\WINDOWS\System32\NSI.dll
0x00007ff973fe0000 - 0x00007ff973ff6000 	C:\WINDOWS\SYSTEM32\dhcpcsvc6.DLL
0x00007ff973fc0000 - 0x00007ff973fdc000 	C:\WINDOWS\SYSTEM32\dhcpcsvc.DLL
0x00007ff97fc80000 - 0x00007ff97fd4b000 	C:\WINDOWS\SYSTEM32\DNSAPI.dll
0x00007ff9749a0000 - 0x00007ff9749ab000 	C:\WINDOWS\SYSTEM32\WINNSI.DLL

VM Arguments:
jvm_args: -Xmx2048m -Dfile.encoding=UTF-8 -Duser.country=DE -Duser.language=de -Duser.variant 
java_command: org.gradle.launcher.daemon.bootstrap.GradleDaemon 6.5
java_class_path (initial): C:\Users\MiJo\.gradle\wrapper\dists\gradle-6.5-bin\6nifqtx7604sqp1q6g8wikw7p\gradle-6.5\lib\gradle-launcher-6.5.jar
Launcher Type: SUN_STANDARD

Environment Variables:
PATH=C:\Program Files (x86)\Common Files\Oracle\Java\javapath;C:\ProgramData\Boxstarter;C:\ProgramData\Oracle\Java\javapath;C:\WINDOWS\system32;C:\WINDOWS;C:\WINDOWS\System32\Wbem;C:\WINDOWS\System32\WindowsPowerShell\v1.0\;C:\Program Files (x86)\Common Files\Lenovo;C:\ProgramData\Lenovo\ReadyApps;C:\Program Files\Microsoft SQL Server\130\Tools\Binn\;C:\Program Files (x86)\Microsoft SQL Server\Client SDK\ODBC\130\Tools\Binn\;C:\Program Files (x86)\Microsoft SQL Server\130\Tools\Binn\;C:\Program Files (x86)\Microsoft SQL Server\130\DTS\Binn\;C:\Program Files (x86)\Microsoft SQL Server\130\Tools\Binn\ManagementStudio\;C:\Program Files\Microsoft SQL Server\120\Tools\Binn\;C:\Program Files\Microsoft SQL Server\Client SDK\ODBC\110\Tools\Binn\;C:\Program Files (x86)\Microsoft SQL Server\120\Tools\Binn\;C:\Program Files\Microsoft SQL Server\120\DTS\Binn\;C:\Program Files (x86)\Microsoft SQL Server\120\Tools\Binn\ManagementStudio\;C:\Program Files (x86)\Microsoft SQL Server\120\DTS\Binn\;c:\Program Files (x86)\Microsoft SQL Server\110\Tools\Binn\;c:\Program Files\Microsoft SQL ;C:\Program Files (x86)\Microsoft SQL Server\150\DTS\Binn\;C:\Program Files\Azure Data Studio\bin;C:\Users\MiJo\AppData\Local\Microsoft\WindowsApps;;C:\Program Files\Azure Data Studio\bin
USERNAME=MiJo
OS=Windows_NT
PROCESSOR_IDENTIFIER=Intel64 Family 6 Model 78 Stepping 3, GenuineIntel



---------------  S Y S T E M  ---------------

OS: Windows 10.0 , 64 bit Build 18362 (10.0.18362.1110)

CPU:total 4 (initial active 4) (2 cores per cpu, 2 threads per core) family 6 model 78 stepping 3, cmov, cx8, fxsr, mmx, sse, sse2, sse3, ssse3, sse4.1, sse4.2, popcnt, avx, avx2, aes, clmul, erms, 3dnowpref, lzcnt, ht, tsc, tscinvbit, bmi1, bmi2, adx

Memory: 4k page, physical 16638596k(2147324k free), swap 16638596k(5836k free)

vm_info: OpenJDK 64-Bit Server VM (25.242-b01) for windows-amd64 JRE (1.8.0_242-release-1644-b01), built by "builder" with MS VC++ 10.0 (VS2010)

time: Tue Oct 27 23:21:05 2020
timezone: Mitteleuropäische Zeit 
elapsed time: 4706 seconds (0d 1h 18m 26s)

